# JRE version: Java(TM) SE Runtime Environment (8.0_45-b14) (build 1.8.0_45-b14)
# Java VM: Java HotSpot(TM) 64-Bit Server VM (25.45-b02 mixed mode bsd-amd64 compressed oops)
Heap:
 PSYoungGen      total 32256K, used 6488K [0x0000000795580000, 0x0000000797980000, 0x00000007c0000000)
  eden space 31744K, 19% used [0x0000000795580000,0x0000000795ba60c0,0x0000000797480000)
  from space 512K, 37% used [0x0000000797600000,0x0000000797630000,0x0000000797680000)
  to   space 2560K, 0% used [0x0000000797700000,0x0000000797700000,0x0000000797980000)
 ParOldGen       total 87552K, used 1473K [0x0000000740000000, 0x0000000745580000, 0x0000000795580000)
  object space 87552K, 1% used [0x0000000740000000,0x0000000740170518,0x0000000745580000)
 Metaspace       used 7401K, capacity 7571K, committed 7808K, reserved 1056768K
  class space    used 714K, capacity 790K, committed 896K, reserved 1048576K
GC Heap History (10 events):
Event: 5.711 GC heap before
{Heap before GC invocations=3 (full 0):
 PSYoungGen      total 38400K, used 35041K [0x0000000795580000, 0x0000000798000000, 0x00000007c0000000)
  eden space 33280K, 100% used [0x0000000795580000,0x0000000797600000,0x0000000797600000)
  from space 5120K, 34% used [0x0000000797b00000,0x0000000797cb8488,0x0000000798000000)
  to   space 5120K, 0% used [0x0000000797600000,0x0000000797600000,0x0000000797b00000)
 ParOldGen       total 87552K, used 16K [0x0000000740000000, 0x0000000745580000, 0x0000000795580000)
  object space 87552K, 0% used [0x0000000740000000,0x0000000740004000,0x0000000745580000)
 Metaspace       used 7362K, capacity 7507K, committed 7808K, reserved 1056768K
  class space    used 713K, capacity 790K, committed 896K, reserved 1048576K
Event: 5.714 GC heap after
Heap after GC invocations=3 (full 0):
 PSYoungGen      total 38400K, used 1584K [0x0000000795580000, 0x0000000798000000, 0x00000007c0000000)
  eden space 33280K, 0% used [0x0000000795580000,0x0000000795580000,0x0000000797600000)
  from space 5120K, 30% used [0x0000000797600000,0x000000079778c010,0x0000000797b00000)
  to   space 5120K, 0% used [0x0000000797b00000,0x0000000797b00000,0x0000000798000000)
 ParOldGen       total 87552K, used 24K [0x0000000740000000, 0x0000000745580000, 0x0000000795580000)
  object space 87552K, 0% used [0x0000000740000000,0x0000000740006000,0x0000000745580000)
 Metaspace       used 7362K, capacity 7507K, committed 7808K, reserved 1056768K
  class space    used 713K, capacity 790K, committed 896K, reserved 1048576K
}
Event: 7.502 GC heap before
{Heap before GC invocations=4 (full 0):
 PSYoungGen      total 38400K, used 34864K [0x0000000795580000, 0x0000000798000000, 0x00000007c0000000)
  eden space 33280K, 100% used [0x0000000795580000,0x0000000797600000,0x0000000797600000)
  from space 5120K, 30% used [0x0000000797600000,0x000000079778c010,0x0000000797b00000)
  to   space 5120K, 0% used [0x0000000797b00000,0x0000000797b00000,0x0000000798000000)
 ParOldGen       total 87552K, used 24K [0x0000000740000000, 0x0000000745580000, 0x0000000795580000)
  object space 87552K, 0% used [0x0000000740000000,0x0000000740006000,0x0000000745580000)
 Metaspace       used 7391K, capacity 7571K, committed 7808K, reserved 1056768K
  class space    used 713K, capacity 790K, committed 896K, reserved 1048576K
Event: 7.506 GC heap after
Heap after GC invocations=4 (full 0):
 PSYoungGen      total 38400K, used 1600K [0x0000000795580000, 0x0000000798000000, 0x00000007c0000000)
  eden space 33280K, 0% used [0x0000000795580000,0x0000000795580000,0x0000000797600000)
  from space 5120K, 31% used [0x0000000797b00000,0x0000000797c90020,0x0000000798000000)
  to   space 5120K, 0% used [0x0000000797600000,0x0000000797600000,0x0000000797b00000)
 ParOldGen       total 87552K, used 32K [0x0000000740000000, 0x0000000745580000, 0x0000000795580000)
  object space 87552K, 0% used [0x0000000740000000,0x0000000740008000,0x0000000745580000)
 Metaspace       used 7391K, capacity 7571K, committed 7808K, reserved 1056768K
  class space    used 713K, capacity 790K, committed 896K, reserved 1048576K
}
Event: 9.259 GC heap before
{Heap before GC invocations=5 (full 0):
 PSYoungGen      total 38400K, used 34880K [0x0000000795580000, 0x0000000798000000, 0x00000007c0000000)
  eden space 33280K, 100% used [0x0000000795580000,0x0000000797600000,0x0000000797600000)
  from space 5120K, 31% used [0x0000000797b00000,0x0000000797c90020,0x0000000798000000)
  to   space 5120K, 0% used [0x0000000797600000,0x0000000797600000,0x0000000797b00000)
 ParOldGen       total 87552K, used 32K [0x0000000740000000, 0x0000000745580000, 0x0000000795580000)
  object space 87552K, 0% used [0x0000000740000000,0x0000000740008000,0x0000000745580000)
 Metaspace       used 7394K, capacity 7571K, committed 7808K, reserved 1056768K
  class space    used 713K, capacity 790K, committed 896K, reserved 1048576K
Event: 9.262 GC heap after
Heap after GC invocations=5 (full 0):
 PSYoungGen      total 34816K, used 1616K [0x0000000795580000, 0x0000000797b80000, 0x00000007c0000000)
  eden space 32768K, 0% used [0x0000000795580000,0x0000000795580000,0x0000000797580000)
  from space 2048K, 78% used [0x0000000797600000,0x0000000797794010,0x0000000797800000)
  to   space 2560K, 0% used [0x0000000797900000,0x0000000797900000,0x0000000797b80000)
 ParOldGen       total 87552K, used 40K [0x0000000740000000, 0x0000000745580000, 0x0000000795580000)
  object space 87552K, 0% used [0x0000000740000000,0x000000074000a000,0x0000000745580000)
 Metaspace       used 7394K, capacity 7571K, committed 7808K, reserved 1056768K
  class space    used 713K, capacity 790K, committed 896K, reserved 1048576K
}
Event: 10.995 GC heap before
{Heap before GC invocations=6 (full 0):
 PSYoungGen      total 34816K, used 34384K [0x0000000795580000, 0x0000000797b80000, 0x00000007c0000000)
  eden space 32768K, 100% used [0x0000000795580000,0x0000000797580000,0x0000000797580000)
  from space 2048K, 78% used [0x0000000797600000,0x0000000797794010,0x0000000797800000)
  to   space 2560K, 0% used [0x0000000797900000,0x0000000797900000,0x0000000797b80000)
 ParOldGen       total 87552K, used 40K [0x0000000740000000, 0x0000000745580000, 0x0000000795580000)
  object space 87552K, 0% used [0x0000000740000000,0x000000074000a000,0x0000000745580000)
 Metaspace       used 7394K, capacity 7571K, committed 7808K, reserved 1056768K
  class space    used 713K, capacity 790K, committed 896K, reserved 1048576K
Event: 10.998 GC heap after
Heap after GC invocations=6 (full 0):
 PSYoungGen      total 34304K, used 1600K [0x0000000795580000, 0x0000000797b00000, 0x00000007c0000000)
  eden space 32256K, 0% used [0x0000000795580000,0x0000000795580000,0x0000000797500000)
  from space 2048K, 78% used [0x0000000797900000,0x0000000797a90000,0x0000000797b00000)
  to   space 2560K, 0% used [0x0000000797600000,0x0000000797600000,0x0000000797880000)
 ParOldGen       total 87552K, used 40K [0x0000000740000000, 0x0000000745580000, 0x0000000795580000)
  object space 87552K, 0% used [0x0000000740000000,0x000000074000a000,0x0000000745580000)
 Metaspace       used 7394K, capacity 7571K, committed 7808K, reserved 1056768K
  class space    used 713K, capacity 790K, committed 896K, reserved 1048576K
}
Event: 12.721 GC heap before
{Heap before GC invocations=7 (full 0):
 PSYoungGen      total 34304K, used 33856K [0x0000000795580000, 0x0000000797b00000, 0x00000007c0000000)
  eden space 32256K, 100% used [0x0000000795580000,0x0000000797500000,0x0000000797500000)
  from space 2048K, 78% used [0x0000000797900000,0x0000000797a90000,0x0000000797b00000)
  to   space 2560K, 0% used [0x0000000797600000,0x0000000797600000,0x0000000797880000)
 ParOldGen       total 87552K, used 40K [0x0000000740000000, 0x0000000745580000, 0x0000000795580000)
  object space 87552K, 0% used [0x0000000740000000,0x000000074000a000,0x0000000745580000)
 Metaspace       used 7394K, capacity 7571K, committed 7808K, reserved 1056768K
  class space    used 713K, capacity 790K, committed 896K, reserved 1048576K
Event: 12.724 GC heap after
Heap after GC invocations=7 (full 0):
 PSYoungGen      total 32256K, used 192K [0x0000000795580000, 0x0000000797980000, 0x00000007c0000000)
  eden space 31744K, 0% used [0x0000000795580000,0x0000000795580000,0x0000000797480000)
  from space 512K, 37% used [0x0000000797600000,0x0000000797630000,0x0000000797680000)
  to   space 2560K, 0% used [0x0000000797700000,0x0000000797700000,0x0000000797980000)
 ParOldGen       total 87552K, used 1473K [0x0000000740000000, 0x0000000745580000, 0x0000000795580000)
  object space 87552K, 1% used [0x0000000740000000,0x0000000740170518,0x0000000745580000)
 Metaspace       used 7394K, capacity 7571K, committed 7808K, reserved 1056768K
  class space    used 713K, capacity 790K, committed 896K, reserved 1048576K
}

