# JRE version: Java(TM) SE Runtime Environment (8.0_45-b14) (build 1.8.0_45-b14)
# Java VM: Java HotSpot(TM) 64-Bit Server VM (25.45-b02 mixed mode bsd-amd64 compressed oops)
Heap:
 PSYoungGen      total 114176K, used 30660K [0x0000000795580000, 0x000000079eb00000, 0x00000007c0000000)
  eden space 79360K, 31% used [0x0000000795580000,0x0000000796e39300,0x000000079a300000)
  from space 34816K, 15% used [0x000000079c900000,0x000000079ce38060,0x000000079eb00000)
  to   space 36864K, 0% used [0x000000079a300000,0x000000079a300000,0x000000079c700000)
 ParOldGen       total 153088K, used 65171K [0x0000000740000000, 0x0000000749580000, 0x0000000795580000)
  object space 153088K, 42% used [0x0000000740000000,0x0000000743fa4ec8,0x0000000749580000)
 Metaspace       used 7591K, capacity 7763K, committed 8064K, reserved 1056768K
  class space    used 738K, capacity 790K, committed 896K, reserved 1048576K
GC Heap History (10 events):
Event: 9.858 GC heap before
{Heap before GC invocations=7 (full 1):
 PSYoungGen      total 66048K, used 66016K [0x0000000795580000, 0x000000079e900000, 0x00000007c0000000)
  eden space 60928K, 100% used [0x0000000795580000,0x0000000799100000,0x0000000799100000)
  from space 5120K, 99% used [0x0000000799680000,0x0000000799b78060,0x0000000799b80000)
  to   space 45056K, 0% used [0x000000079bd00000,0x000000079bd00000,0x000000079e900000)
 ParOldGen       total 153088K, used 65155K [0x0000000740000000, 0x0000000749580000, 0x0000000795580000)
  object space 153088K, 42% used [0x0000000740000000,0x0000000743fa0ec8,0x0000000749580000)
 Metaspace       used 7571K, capacity 7699K, committed 7808K, reserved 1056768K
  class space    used 738K, capacity 790K, committed 896K, reserved 1048576K
Event: 9.864 GC heap after
Heap after GC invocations=7 (full 1):
 PSYoungGen      total 108032K, used 6176K [0x0000000795580000, 0x000000079f500000, 0x00000007c0000000)
  eden space 62976K, 0% used [0x0000000795580000,0x0000000795580000,0x0000000799300000)
  from space 45056K, 13% used [0x000000079bd00000,0x000000079c308070,0x000000079e900000)
  to   space 43008K, 0% used [0x0000000799300000,0x0000000799300000,0x000000079bd00000)
 ParOldGen       total 153088K, used 65163K [0x0000000740000000, 0x0000000749580000, 0x0000000795580000)
  object space 153088K, 42% used [0x0000000740000000,0x0000000743fa2ec8,0x0000000749580000)
 Metaspace       used 7571K, capacity 7699K, committed 7808K, reserved 1056768K
  class space    used 738K, capacity 790K, committed 896K, reserved 1048576K
}
Event: 13.074 GC heap before
{Heap before GC invocations=8 (full 1):
 PSYoungGen      total 108032K, used 69152K [0x0000000795580000, 0x000000079f500000, 0x00000007c0000000)
  eden space 62976K, 100% used [0x0000000795580000,0x0000000799300000,0x0000000799300000)
  from space 45056K, 13% used [0x000000079bd00000,0x000000079c308070,0x000000079e900000)
  to   space 43008K, 0% used [0x0000000799300000,0x0000000799300000,0x000000079bd00000)
 ParOldGen       total 153088K, used 65163K [0x0000000740000000, 0x0000000749580000, 0x0000000795580000)
  object space 153088K, 42% used [0x0000000740000000,0x0000000743fa2ec8,0x0000000749580000)
 Metaspace       used 7576K, capacity 7699K, committed 7808K, reserved 1056768K
  class space    used 738K, capacity 790K, committed 896K, reserved 1048576K
Event: 13.080 GC heap after
Heap after GC invocations=8 (full 1):
 PSYoungGen      total 105984K, used 6208K [0x0000000795580000, 0x000000079f180000, 0x00000007c0000000)
  eden space 62976K, 0% used [0x0000000795580000,0x0000000795580000,0x0000000799300000)
  from space 43008K, 14% used [0x0000000799300000,0x0000000799910070,0x000000079bd00000)
  to   space 41472K, 0% used [0x000000079c900000,0x000000079c900000,0x000000079f180000)
 ParOldGen       total 153088K, used 65171K [0x0000000740000000, 0x0000000749580000, 0x0000000795580000)
  object space 153088K, 42% used [0x0000000740000000,0x0000000743fa4ec8,0x0000000749580000)
 Metaspace       used 7576K, capacity 7699K, committed 7808K, reserved 1056768K
  class space    used 738K, capacity 790K, committed 896K, reserved 1048576K
}
Event: 16.291 GC heap before
{Heap before GC invocations=9 (full 1):
 PSYoungGen      total 105984K, used 69184K [0x0000000795580000, 0x000000079f180000, 0x00000007c0000000)
  eden space 62976K, 100% used [0x0000000795580000,0x0000000799300000,0x0000000799300000)
  from space 43008K, 14% used [0x0000000799300000,0x0000000799910070,0x000000079bd00000)
  to   space 41472K, 0% used [0x000000079c900000,0x000000079c900000,0x000000079f180000)
 ParOldGen       total 153088K, used 65171K [0x0000000740000000, 0x0000000749580000, 0x0000000795580000)
  object space 153088K, 42% used [0x0000000740000000,0x0000000743fa4ec8,0x0000000749580000)
 Metaspace       used 7579K, capacity 7763K, committed 8064K, reserved 1056768K
  class space    used 738K, capacity 790K, committed 896K, reserved 1048576K
Event: 16.297 GC heap after
Heap after GC invocations=9 (full 1):
 PSYoungGen      total 109056K, used 6240K [0x0000000795580000, 0x000000079eb00000, 0x00000007c0000000)
  eden space 74240K, 0% used [0x0000000795580000,0x0000000795580000,0x0000000799e00000)
  from space 34816K, 17% used [0x000000079c900000,0x000000079cf18070,0x000000079eb00000)
  to   space 39424K, 0% used [0x0000000799e00000,0x0000000799e00000,0x000000079c480000)
 ParOldGen       total 153088K, used 65171K [0x0000000740000000, 0x0000000749580000, 0x0000000795580000)
  object space 153088K, 42% used [0x0000000740000000,0x0000000743fa4ec8,0x0000000749580000)
 Metaspace       used 7579K, capacity 7763K, committed 8064K, reserved 1056768K
  class space    used 738K, capacity 790K, committed 896K, reserved 1048576K
}
Event: 20.090 GC heap before
{Heap before GC invocations=10 (full 1):
 PSYoungGen      total 109056K, used 80480K [0x0000000795580000, 0x000000079eb00000, 0x00000007c0000000)
  eden space 74240K, 100% used [0x0000000795580000,0x0000000799e00000,0x0000000799e00000)
  from space 34816K, 17% used [0x000000079c900000,0x000000079cf18070,0x000000079eb00000)
  to   space 39424K, 0% used [0x0000000799e00000,0x0000000799e00000,0x000000079c480000)
 ParOldGen       total 153088K, used 65171K [0x0000000740000000, 0x0000000749580000, 0x0000000795580000)
  object space 153088K, 42% used [0x0000000740000000,0x0000000743fa4ec8,0x0000000749580000)
 Metaspace       used 7582K, capacity 7763K, committed 8064K, reserved 1056768K
  class space    used 738K, capacity 790K, committed 896K, reserved 1048576K
Event: 20.096 GC heap after
Heap after GC invocations=10 (full 1):
 PSYoungGen      total 113664K, used 6240K [0x0000000795580000, 0x000000079ee00000, 0x00000007c0000000)
  eden space 74240K, 0% used [0x0000000795580000,0x0000000795580000,0x0000000799e00000)
  from space 39424K, 15% used [0x0000000799e00000,0x000000079a418070,0x000000079c480000)
  to   space 37888K, 0% used [0x000000079c900000,0x000000079c900000,0x000000079ee00000)
 ParOldGen       total 153088K, used 65171K [0x0000000740000000, 0x0000000749580000, 0x0000000795580000)
  object space 153088K, 42% used [0x0000000740000000,0x0000000743fa4ec8,0x0000000749580000)
 Metaspace       used 7582K, capacity 7763K, committed 8064K, reserved 1056768K
  class space    used 738K, capacity 790K, committed 896K, reserved 1048576K
}
Event: 23.876 GC heap before
{Heap before GC invocations=11 (full 1):
 PSYoungGen      total 113664K, used 80480K [0x0000000795580000, 0x000000079ee00000, 0x00000007c0000000)
  eden space 74240K, 100% used [0x0000000795580000,0x0000000799e00000,0x0000000799e00000)
  from space 39424K, 15% used [0x0000000799e00000,0x000000079a418070,0x000000079c480000)
  to   space 37888K, 0% used [0x000000079c900000,0x000000079c900000,0x000000079ee00000)
 ParOldGen       total 153088K, used 65171K [0x0000000740000000, 0x0000000749580000, 0x0000000795580000)
  object space 153088K, 42% used [0x0000000740000000,0x0000000743fa4ec8,0x0000000749580000)
 Metaspace       used 7583K, capacity 7763K, committed 8064K, reserved 1056768K
  class space    used 738K, capacity 790K, committed 896K, reserved 1048576K
Event: 23.880 GC heap after
Heap after GC invocations=11 (full 1):
 PSYoungGen      total 114176K, used 5344K [0x0000000795580000, 0x000000079eb00000, 0x00000007c0000000)
  eden space 79360K, 0% used [0x0000000795580000,0x0000000795580000,0x000000079a300000)
  from space 34816K, 15% used [0x000000079c900000,0x000000079ce38060,0x000000079eb00000)
  to   space 36864K, 0% used [0x000000079a300000,0x000000079a300000,0x000000079c700000)
 ParOldGen       total 153088K, used 65171K [0x0000000740000000, 0x0000000749580000, 0x0000000795580000)
  object space 153088K, 42% used [0x0000000740000000,0x0000000743fa4ec8,0x0000000749580000)
 Metaspace       used 7583K, capacity 7763K, committed 8064K, reserved 1056768K
  class space    used 738K, capacity 790K, committed 896K, reserved 1048576K
}

