# JRE version: Java(TM) SE Runtime Environment (8.0_45-b14) (build 1.8.0_45-b14)
# Java VM: Java HotSpot(TM) 64-Bit Server VM (25.45-b02 mixed mode bsd-amd64 compressed oops)
Heap:
 PSYoungGen      total 71680K, used 31233K [0x0000000795580000, 0x00000007a1000000, 0x00000007c0000000)
  eden space 66560K, 39% used [0x0000000795580000,0x0000000796f00428,0x0000000799680000)
  from space 5120K, 100% used [0x0000000799680000,0x0000000799b80000,0x0000000799b80000)
  to   space 44544K, 0% used [0x000000079e480000,0x000000079e480000,0x00000007a1000000)
 ParOldGen       total 154112K, used 82377K [0x0000000740000000, 0x0000000749680000, 0x0000000795580000)
  object space 154112K, 53% used [0x0000000740000000,0x0000000745072728,0x0000000749680000)
 Metaspace       used 9064K, capacity 9239K, committed 9472K, reserved 1058816K
  class space    used 906K, capacity 984K, committed 1024K, reserved 1048576K
GC Heap History (10 events):
Event: 2.234 GC heap before
{Heap before GC invocations=2 (full 0):
 PSYoungGen      total 38400K, used 35583K [0x0000000795580000, 0x0000000798000000, 0x00000007c0000000)
  eden space 33280K, 100% used [0x0000000795580000,0x0000000797600000,0x0000000797600000)
  from space 5120K, 44% used [0x0000000797600000,0x000000079783fe68,0x0000000797b00000)
  to   space 5120K, 0% used [0x0000000797b00000,0x0000000797b00000,0x0000000798000000)
 ParOldGen       total 87552K, used 16K [0x0000000740000000, 0x0000000745580000, 0x0000000795580000)
  object space 87552K, 0% used [0x0000000740000000,0x0000000740004000,0x0000000745580000)
 Metaspace       used 8311K, capacity 8471K, committed 8704K, reserved 1056768K
  class space    used 850K, capacity 920K, committed 1024K, reserved 1048576K
Event: 2.238 GC heap after
Heap after GC invocations=2 (full 0):
 PSYoungGen      total 38400K, used 5104K [0x0000000795580000, 0x0000000798000000, 0x00000007c0000000)
  eden space 33280K, 0% used [0x0000000795580000,0x0000000795580000,0x0000000797600000)
  from space 5120K, 99% used [0x0000000797b00000,0x0000000797ffc010,0x0000000798000000)
  to   space 5120K, 0% used [0x0000000797600000,0x0000000797600000,0x0000000797b00000)
 ParOldGen       total 87552K, used 2281K [0x0000000740000000, 0x0000000745580000, 0x0000000795580000)
  object space 87552K, 2% used [0x0000000740000000,0x000000074023a430,0x0000000745580000)
 Metaspace       used 8311K, capacity 8471K, committed 8704K, reserved 1056768K
  class space    used 850K, capacity 920K, committed 1024K, reserved 1048576K
}
Event: 2.312 GC heap before
{Heap before GC invocations=3 (full 0):
 PSYoungGen      total 38400K, used 38384K [0x0000000795580000, 0x0000000798000000, 0x00000007c0000000)
  eden space 33280K, 100% used [0x0000000795580000,0x0000000797600000,0x0000000797600000)
  from space 5120K, 99% used [0x0000000797b00000,0x0000000797ffc010,0x0000000798000000)
  to   space 5120K, 0% used [0x0000000797600000,0x0000000797600000,0x0000000797b00000)
 ParOldGen       total 87552K, used 2281K [0x0000000740000000, 0x0000000745580000, 0x0000000795580000)
  object space 87552K, 2% used [0x0000000740000000,0x000000074023a430,0x0000000745580000)
 Metaspace       used 8314K, capacity 8471K, committed 8704K, reserved 1056768K
  class space    used 850K, capacity 920K, committed 1024K, reserved 1048576K
Event: 2.336 GC heap after
Heap after GC invocations=3 (full 0):
 PSYoungGen      total 38400K, used 5104K [0x0000000795580000, 0x000000079a080000, 0x00000007c0000000)
  eden space 33280K, 0% used [0x0000000795580000,0x0000000795580000,0x0000000797600000)
  from space 5120K, 99% used [0x0000000797600000,0x0000000797afc010,0x0000000797b00000)
  to   space 5120K, 0% used [0x0000000799b80000,0x0000000799b80000,0x000000079a080000)
 ParOldGen       total 87552K, used 31859K [0x0000000740000000, 0x0000000745580000, 0x0000000795580000)
  object space 87552K, 36% used [0x0000000740000000,0x0000000741f1cc88,0x0000000745580000)
 Metaspace       used 8314K, capacity 8471K, committed 8704K, reserved 1056768K
  class space    used 850K, capacity 920K, committed 1024K, reserved 1048576K
}
Event: 2.401 GC heap before
{Heap before GC invocations=4 (full 0):
 PSYoungGen      total 38400K, used 38384K [0x0000000795580000, 0x000000079a080000, 0x00000007c0000000)
  eden space 33280K, 100% used [0x0000000795580000,0x0000000797600000,0x0000000797600000)
  from space 5120K, 99% used [0x0000000797600000,0x0000000797afc010,0x0000000797b00000)
  to   space 5120K, 0% used [0x0000000799b80000,0x0000000799b80000,0x000000079a080000)
 ParOldGen       total 87552K, used 31859K [0x0000000740000000, 0x0000000745580000, 0x0000000795580000)
  object space 87552K, 36% used [0x0000000740000000,0x0000000741f1cc88,0x0000000745580000)
 Metaspace       used 8314K, capacity 8471K, committed 8704K, reserved 1056768K
  class space    used 850K, capacity 920K, committed 1024K, reserved 1048576K
Event: 2.429 GC heap after
Heap after GC invocations=4 (full 0):
 PSYoungGen      total 71680K, used 5120K [0x0000000795580000, 0x000000079a080000, 0x00000007c0000000)
  eden space 66560K, 0% used [0x0000000795580000,0x0000000795580000,0x0000000799680000)
  from space 5120K, 100% used [0x0000000799b80000,0x000000079a080000,0x000000079a080000)
  to   space 5120K, 0% used [0x0000000799680000,0x0000000799680000,0x0000000799b80000)
 ParOldGen       total 87552K, used 62006K [0x0000000740000000, 0x0000000745580000, 0x0000000795580000)
  object space 87552K, 70% used [0x0000000740000000,0x0000000743c8d888,0x0000000745580000)
 Metaspace       used 8314K, capacity 8471K, committed 8704K, reserved 1056768K
  class space    used 850K, capacity 920K, committed 1024K, reserved 1048576K
}
Event: 2.429 GC heap before
{Heap before GC invocations=5 (full 1):
 PSYoungGen      total 71680K, used 5120K [0x0000000795580000, 0x000000079a080000, 0x00000007c0000000)
  eden space 66560K, 0% used [0x0000000795580000,0x0000000795580000,0x0000000799680000)
  from space 5120K, 100% used [0x0000000799b80000,0x000000079a080000,0x000000079a080000)
  to   space 5120K, 0% used [0x0000000799680000,0x0000000799680000,0x0000000799b80000)
 ParOldGen       total 87552K, used 62006K [0x0000000740000000, 0x0000000745580000, 0x0000000795580000)
  object space 87552K, 70% used [0x0000000740000000,0x0000000743c8d888,0x0000000745580000)
 Metaspace       used 8314K, capacity 8471K, committed 8704K, reserved 1056768K
  class space    used 850K, capacity 920K, committed 1024K, reserved 1048576K
Event: 2.686 GC heap after
Heap after GC invocations=5 (full 1):
 PSYoungGen      total 71680K, used 0K [0x0000000795580000, 0x000000079a080000, 0x00000007c0000000)
  eden space 66560K, 0% used [0x0000000795580000,0x0000000795580000,0x0000000799680000)
  from space 5120K, 0% used [0x0000000799b80000,0x0000000799b80000,0x000000079a080000)
  to   space 5120K, 0% used [0x0000000799680000,0x0000000799680000,0x0000000799b80000)
 ParOldGen       total 154112K, used 65301K [0x0000000740000000, 0x0000000749680000, 0x0000000795580000)
  object space 154112K, 42% used [0x0000000740000000,0x0000000743fc5740,0x0000000749680000)
 Metaspace       used 8314K, capacity 8471K, committed 8704K, reserved 1056768K
  class space    used 850K, capacity 920K, committed 1024K, reserved 1048576K
}
Event: 3.984 GC heap before
{Heap before GC invocations=6 (full 1):
 PSYoungGen      total 71680K, used 66560K [0x0000000795580000, 0x000000079a080000, 0x00000007c0000000)
  eden space 66560K, 100% used [0x0000000795580000,0x0000000799680000,0x0000000799680000)
  from space 5120K, 0% used [0x0000000799b80000,0x0000000799b80000,0x000000079a080000)
  to   space 5120K, 0% used [0x0000000799680000,0x0000000799680000,0x0000000799b80000)
 ParOldGen       total 154112K, used 65301K [0x0000000740000000, 0x0000000749680000, 0x0000000795580000)
  object space 154112K, 42% used [0x0000000740000000,0x0000000743fc5740,0x0000000749680000)
 Metaspace       used 8926K, capacity 9079K, committed 9216K, reserved 1056768K
  class space    used 898K, capacity 952K, committed 1024K, reserved 1048576K
Event: 4.008 GC heap after
Heap after GC invocations=6 (full 1):
 PSYoungGen      total 71680K, used 5120K [0x0000000795580000, 0x00000007a1000000, 0x00000007c0000000)
  eden space 66560K, 0% used [0x0000000795580000,0x0000000795580000,0x0000000799680000)
  from space 5120K, 100% used [0x0000000799680000,0x0000000799b80000,0x0000000799b80000)
  to   space 44544K, 0% used [0x000000079e480000,0x000000079e480000,0x00000007a1000000)
 ParOldGen       total 154112K, used 82377K [0x0000000740000000, 0x0000000749680000, 0x0000000795580000)
  object space 154112K, 53% used [0x0000000740000000,0x0000000745072728,0x0000000749680000)
 Metaspace       used 8926K, capacity 9079K, committed 9216K, reserved 1056768K
  class space    used 898K, capacity 952K, committed 1024K, reserved 1048576K
}

