# JRE version: Java(TM) SE Runtime Environment (8.0_45-b14) (build 1.8.0_45-b14)
# Java VM: Java HotSpot(TM) 64-Bit Server VM (25.45-b02 mixed mode bsd-amd64 compressed oops)
Heap:
 PSYoungGen      total 49152K, used 15668K [0x0000000795580000, 0x000000079a080000, 0x00000007c0000000)
  eden space 44032K, 23% used [0x0000000795580000,0x0000000795fcd088,0x0000000798080000)
  from space 5120K, 100% used [0x0000000799b80000,0x000000079a080000,0x000000079a080000)
  to   space 5120K, 0% used [0x0000000799680000,0x0000000799680000,0x0000000799b80000)
 ParOldGen       total 148480K, used 73865K [0x0000000740000000, 0x0000000749100000, 0x0000000795580000)
  object space 148480K, 49% used [0x0000000740000000,0x00000007448224d8,0x0000000749100000)
 Metaspace       used 7700K, capacity 7827K, committed 8064K, reserved 1056768K
  class space    used 749K, capacity 790K, committed 896K, reserved 1048576K
GC Heap History (10 events):
Event: 1.117 GC heap before
{Heap before GC invocations=1 (full 0):
 PSYoungGen      total 38400K, used 33280K [0x0000000795580000, 0x0000000798000000, 0x00000007c0000000)
  eden space 33280K, 100% used [0x0000000795580000,0x0000000797600000,0x0000000797600000)
  from space 5120K, 0% used [0x0000000797b00000,0x0000000797b00000,0x0000000798000000)
  to   space 5120K, 0% used [0x0000000797600000,0x0000000797600000,0x0000000797b00000)
 ParOldGen       total 87552K, used 0K [0x0000000740000000, 0x0000000745580000, 0x0000000795580000)
  object space 87552K, 0% used [0x0000000740000000,0x0000000740000000,0x0000000745580000)
 Metaspace       used 6746K, capacity 6867K, committed 6912K, reserved 1056768K
  class space    used 672K, capacity 726K, committed 768K, reserved 1048576K
Event: 1.120 GC heap after
Heap after GC invocations=1 (full 0):
 PSYoungGen      total 38400K, used 2244K [0x0000000795580000, 0x0000000798000000, 0x00000007c0000000)
  eden space 33280K, 0% used [0x0000000795580000,0x0000000795580000,0x0000000797600000)
  from space 5120K, 43% used [0x0000000797600000,0x0000000797831168,0x0000000797b00000)
  to   space 5120K, 0% used [0x0000000797b00000,0x0000000797b00000,0x0000000798000000)
 ParOldGen       total 87552K, used 16K [0x0000000740000000, 0x0000000745580000, 0x0000000795580000)
  object space 87552K, 0% used [0x0000000740000000,0x0000000740004000,0x0000000745580000)
 Metaspace       used 6746K, capacity 6867K, committed 6912K, reserved 1056768K
  class space    used 672K, capacity 726K, committed 768K, reserved 1048576K
}
Event: 2.429 GC heap before
{Heap before GC invocations=2 (full 0):
 PSYoungGen      total 38400K, used 35524K [0x0000000795580000, 0x0000000798000000, 0x00000007c0000000)
  eden space 33280K, 100% used [0x0000000795580000,0x0000000797600000,0x0000000797600000)
  from space 5120K, 43% used [0x0000000797600000,0x0000000797831168,0x0000000797b00000)
  to   space 5120K, 0% used [0x0000000797b00000,0x0000000797b00000,0x0000000798000000)
 ParOldGen       total 87552K, used 16K [0x0000000740000000, 0x0000000745580000, 0x0000000795580000)
  object space 87552K, 0% used [0x0000000740000000,0x0000000740004000,0x0000000745580000)
 Metaspace       used 7018K, capacity 7155K, committed 7168K, reserved 1056768K
  class space    used 703K, capacity 758K, committed 768K, reserved 1048576K
Event: 2.447 GC heap after
Heap after GC invocations=2 (full 0):
 PSYoungGen      total 38400K, used 5098K [0x0000000795580000, 0x0000000798000000, 0x00000007c0000000)
  eden space 33280K, 0% used [0x0000000795580000,0x0000000795580000,0x0000000797600000)
  from space 5120K, 99% used [0x0000000797b00000,0x0000000797ffaaa0,0x0000000798000000)
  to   space 5120K, 0% used [0x0000000797600000,0x0000000797600000,0x0000000797b00000)
 ParOldGen       total 87552K, used 20997K [0x0000000740000000, 0x0000000745580000, 0x0000000795580000)
  object space 87552K, 23% used [0x0000000740000000,0x0000000741481560,0x0000000745580000)
 Metaspace       used 7018K, capacity 7155K, committed 7168K, reserved 1056768K
  class space    used 703K, capacity 758K, committed 768K, reserved 1048576K
}
Event: 2.520 GC heap before
{Heap before GC invocations=3 (full 0):
 PSYoungGen      total 38400K, used 38378K [0x0000000795580000, 0x0000000798000000, 0x00000007c0000000)
  eden space 33280K, 100% used [0x0000000795580000,0x0000000797600000,0x0000000797600000)
  from space 5120K, 99% used [0x0000000797b00000,0x0000000797ffaaa0,0x0000000798000000)
  to   space 5120K, 0% used [0x0000000797600000,0x0000000797600000,0x0000000797b00000)
 ParOldGen       total 87552K, used 20997K [0x0000000740000000, 0x0000000745580000, 0x0000000795580000)
  object space 87552K, 23% used [0x0000000740000000,0x0000000741481560,0x0000000745580000)
 Metaspace       used 7018K, capacity 7155K, committed 7168K, reserved 1056768K
  class space    used 703K, capacity 758K, committed 768K, reserved 1048576K
Event: 2.542 GC heap after
Heap after GC invocations=3 (full 0):
 PSYoungGen      total 38400K, used 5104K [0x0000000795580000, 0x000000079a080000, 0x00000007c0000000)
  eden space 33280K, 0% used [0x0000000795580000,0x0000000795580000,0x0000000797600000)
  from space 5120K, 99% used [0x0000000797600000,0x0000000797afc010,0x0000000797b00000)
  to   space 5120K, 0% used [0x0000000799b80000,0x0000000799b80000,0x000000079a080000)
 ParOldGen       total 87552K, used 50169K [0x0000000740000000, 0x0000000745580000, 0x0000000795580000)
  object space 87552K, 57% used [0x0000000740000000,0x00000007430fe6f8,0x0000000745580000)
 Metaspace       used 7018K, capacity 7155K, committed 7168K, reserved 1056768K
  class space    used 703K, capacity 758K, committed 768K, reserved 1048576K
}
Event: 2.542 GC heap before
{Heap before GC invocations=4 (full 1):
 PSYoungGen      total 38400K, used 5104K [0x0000000795580000, 0x000000079a080000, 0x00000007c0000000)
  eden space 33280K, 0% used [0x0000000795580000,0x0000000795580000,0x0000000797600000)
  from space 5120K, 99% used [0x0000000797600000,0x0000000797afc010,0x0000000797b00000)
  to   space 5120K, 0% used [0x0000000799b80000,0x0000000799b80000,0x000000079a080000)
 ParOldGen       total 87552K, used 50169K [0x0000000740000000, 0x0000000745580000, 0x0000000795580000)
  object space 87552K, 57% used [0x0000000740000000,0x00000007430fe6f8,0x0000000745580000)
 Metaspace       used 7018K, capacity 7155K, committed 7168K, reserved 1056768K
  class space    used 703K, capacity 758K, committed 768K, reserved 1048576K
Event: 2.945 GC heap after
Heap after GC invocations=4 (full 1):
 PSYoungGen      total 38400K, used 0K [0x0000000795580000, 0x000000079a080000, 0x00000007c0000000)
  eden space 33280K, 0% used [0x0000000795580000,0x0000000795580000,0x0000000797600000)
  from space 5120K, 0% used [0x0000000797600000,0x0000000797600000,0x0000000797b00000)
  to   space 5120K, 0% used [0x0000000799b80000,0x0000000799b80000,0x000000079a080000)
 ParOldGen       total 148480K, used 54122K [0x0000000740000000, 0x0000000749100000, 0x0000000795580000)
  object space 148480K, 36% used [0x0000000740000000,0x00000007434dabb0,0x0000000749100000)
 Metaspace       used 7018K, capacity 7155K, committed 7168K, reserved 1056768K
  class space    used 703K, capacity 758K, committed 768K, reserved 1048576K
}
Event: 4.303 GC heap before
{Heap before GC invocations=5 (full 1):
 PSYoungGen      total 38400K, used 33280K [0x0000000795580000, 0x000000079a080000, 0x00000007c0000000)
  eden space 33280K, 100% used [0x0000000795580000,0x0000000797600000,0x0000000797600000)
  from space 5120K, 0% used [0x0000000797600000,0x0000000797600000,0x0000000797b00000)
  to   space 5120K, 0% used [0x0000000799b80000,0x0000000799b80000,0x000000079a080000)
 ParOldGen       total 148480K, used 54122K [0x0000000740000000, 0x0000000749100000, 0x0000000795580000)
  object space 148480K, 36% used [0x0000000740000000,0x00000007434dabb0,0x0000000749100000)
 Metaspace       used 7598K, capacity 7763K, committed 8064K, reserved 1056768K
  class space    used 748K, capacity 790K, committed 896K, reserved 1048576K
Event: 4.324 GC heap after
Heap after GC invocations=5 (full 1):
 PSYoungGen      total 49152K, used 5120K [0x0000000795580000, 0x000000079a080000, 0x00000007c0000000)
  eden space 44032K, 0% used [0x0000000795580000,0x0000000795580000,0x0000000798080000)
  from space 5120K, 100% used [0x0000000799b80000,0x000000079a080000,0x000000079a080000)
  to   space 5120K, 0% used [0x0000000799680000,0x0000000799680000,0x0000000799b80000)
 ParOldGen       total 148480K, used 73865K [0x0000000740000000, 0x0000000749100000, 0x0000000795580000)
  object space 148480K, 49% used [0x0000000740000000,0x00000007448224d8,0x0000000749100000)
 Metaspace       used 7598K, capacity 7763K, committed 8064K, reserved 1056768K
  class space    used 748K, capacity 790K, committed 896K, reserved 1048576K
}

