# JRE version: Java(TM) SE Runtime Environment (8.0_45-b14) (build 1.8.0_45-b14)
# Java VM: Java HotSpot(TM) 64-Bit Server VM (25.45-b02 mixed mode bsd-amd64 compressed oops)
Heap:
 PSYoungGen      total 105984K, used 30029K [0x0000000795580000, 0x000000079f600000, 0x00000007c0000000)
  eden space 63488K, 38% used [0x0000000795580000,0x0000000796da3540,0x0000000799380000)
  from space 42496K, 12% used [0x000000079bc80000,0x000000079c1b0000,0x000000079e600000)
  to   space 41984K, 0% used [0x0000000799380000,0x0000000799380000,0x000000079bc80000)
 ParOldGen       total 144896K, used 72678K [0x0000000740000000, 0x0000000748d80000, 0x0000000795580000)
  object space 144896K, 50% used [0x0000000740000000,0x00000007446f99a8,0x0000000748d80000)
 Metaspace       used 7780K, capacity 7891K, committed 8064K, reserved 1056768K
  class space    used 745K, capacity 790K, committed 896K, reserved 1048576K
GC Heap History (10 events):
Event: 2.845 GC heap before
{Heap before GC invocations=3 (full 0):
 PSYoungGen      total 38400K, used 38392K [0x0000000795580000, 0x0000000798000000, 0x00000007c0000000)
  eden space 33280K, 100% used [0x0000000795580000,0x0000000797600000,0x0000000797600000)
  from space 5120K, 99% used [0x0000000797b00000,0x0000000797ffe320,0x0000000798000000)
  to   space 5120K, 0% used [0x0000000797600000,0x0000000797600000,0x0000000797b00000)
 ParOldGen       total 87552K, used 20835K [0x0000000740000000, 0x0000000745580000, 0x0000000795580000)
  object space 87552K, 23% used [0x0000000740000000,0x0000000741458d50,0x0000000745580000)
 Metaspace       used 7013K, capacity 7155K, committed 7168K, reserved 1056768K
  class space    used 699K, capacity 758K, committed 768K, reserved 1048576K
Event: 2.872 GC heap after
Heap after GC invocations=3 (full 0):
 PSYoungGen      total 38400K, used 5094K [0x0000000795580000, 0x000000079a080000, 0x00000007c0000000)
  eden space 33280K, 0% used [0x0000000795580000,0x0000000795580000,0x0000000797600000)
  from space 5120K, 99% used [0x0000000797600000,0x0000000797af99a0,0x0000000797b00000)
  to   space 5120K, 0% used [0x0000000799b80000,0x0000000799b80000,0x000000079a080000)
 ParOldGen       total 87552K, used 49899K [0x0000000740000000, 0x0000000745580000, 0x0000000795580000)
  object space 87552K, 56% used [0x0000000740000000,0x00000007430bad50,0x0000000745580000)
 Metaspace       used 7013K, capacity 7155K, committed 7168K, reserved 1056768K
  class space    used 699K, capacity 758K, committed 768K, reserved 1048576K
}
Event: 2.872 GC heap before
{Heap before GC invocations=4 (full 1):
 PSYoungGen      total 38400K, used 5094K [0x0000000795580000, 0x000000079a080000, 0x00000007c0000000)
  eden space 33280K, 0% used [0x0000000795580000,0x0000000795580000,0x0000000797600000)
  from space 5120K, 99% used [0x0000000797600000,0x0000000797af99a0,0x0000000797b00000)
  to   space 5120K, 0% used [0x0000000799b80000,0x0000000799b80000,0x000000079a080000)
 ParOldGen       total 87552K, used 49899K [0x0000000740000000, 0x0000000745580000, 0x0000000795580000)
  object space 87552K, 56% used [0x0000000740000000,0x00000007430bad50,0x0000000745580000)
 Metaspace       used 7013K, capacity 7155K, committed 7168K, reserved 1056768K
  class space    used 699K, capacity 758K, committed 768K, reserved 1048576K
Event: 3.227 GC heap after
Heap after GC invocations=4 (full 1):
 PSYoungGen      total 38400K, used 0K [0x0000000795580000, 0x000000079a080000, 0x00000007c0000000)
  eden space 33280K, 0% used [0x0000000795580000,0x0000000795580000,0x0000000797600000)
  from space 5120K, 0% used [0x0000000797600000,0x0000000797600000,0x0000000797b00000)
  to   space 5120K, 0% used [0x0000000799b80000,0x0000000799b80000,0x000000079a080000)
 ParOldGen       total 144896K, used 53760K [0x0000000740000000, 0x0000000748d80000, 0x0000000795580000)
  object space 144896K, 37% used [0x0000000740000000,0x00000007434800b8,0x0000000748d80000)
 Metaspace       used 7013K, capacity 7155K, committed 7168K, reserved 1056768K
  class space    used 699K, capacity 758K, committed 768K, reserved 1048576K
}
Event: 4.209 GC heap before
{Heap before GC invocations=5 (full 1):
 PSYoungGen      total 38400K, used 33280K [0x0000000795580000, 0x000000079a080000, 0x00000007c0000000)
  eden space 33280K, 100% used [0x0000000795580000,0x0000000797600000,0x0000000797600000)
  from space 5120K, 0% used [0x0000000797600000,0x0000000797600000,0x0000000797b00000)
  to   space 5120K, 0% used [0x0000000799b80000,0x0000000799b80000,0x000000079a080000)
 ParOldGen       total 144896K, used 53760K [0x0000000740000000, 0x0000000748d80000, 0x0000000795580000)
  object space 144896K, 37% used [0x0000000740000000,0x00000007434800b8,0x0000000748d80000)
 Metaspace       used 7595K, capacity 7763K, committed 8064K, reserved 1056768K
  class space    used 744K, capacity 790K, committed 896K, reserved 1048576K
Event: 4.232 GC heap after
Heap after GC invocations=5 (full 1):
 PSYoungGen      total 52224K, used 5120K [0x0000000795580000, 0x000000079a080000, 0x00000007c0000000)
  eden space 47104K, 0% used [0x0000000795580000,0x0000000795580000,0x0000000798380000)
  from space 5120K, 100% used [0x0000000799b80000,0x000000079a080000,0x000000079a080000)
  to   space 5120K, 0% used [0x0000000799680000,0x0000000799680000,0x0000000799b80000)
 ParOldGen       total 144896K, used 72446K [0x0000000740000000, 0x0000000748d80000, 0x0000000795580000)
  object space 144896K, 49% used [0x0000000740000000,0x00000007446bf9a8,0x0000000748d80000)
 Metaspace       used 7595K, capacity 7763K, committed 8064K, reserved 1056768K
  class space    used 744K, capacity 790K, committed 896K, reserved 1048576K
}
Event: 40.925 GC heap before
{Heap before GC invocations=6 (full 1):
 PSYoungGen      total 52224K, used 52224K [0x0000000795580000, 0x000000079a080000, 0x00000007c0000000)
  eden space 47104K, 100% used [0x0000000795580000,0x0000000798380000,0x0000000798380000)
  from space 5120K, 100% used [0x0000000799b80000,0x000000079a080000,0x000000079a080000)
  to   space 5120K, 0% used [0x0000000799680000,0x0000000799680000,0x0000000799b80000)
 ParOldGen       total 144896K, used 72446K [0x0000000740000000, 0x0000000748d80000, 0x0000000795580000)
  object space 144896K, 49% used [0x0000000740000000,0x00000007446bf9a8,0x0000000748d80000)
 Metaspace       used 7761K, capacity 7891K, committed 8064K, reserved 1056768K
  class space    used 745K, capacity 790K, committed 896K, reserved 1048576K
Event: 40.931 GC heap after
Heap after GC invocations=6 (full 1):
 PSYoungGen      total 68096K, used 5120K [0x0000000795580000, 0x000000079e600000, 0x00000007c0000000)
  eden space 62976K, 0% used [0x0000000795580000,0x0000000795580000,0x0000000799300000)
  from space 5120K, 100% used [0x0000000799680000,0x0000000799b80000,0x0000000799b80000)
  to   space 42496K, 0% used [0x000000079bc80000,0x000000079bc80000,0x000000079e600000)
 ParOldGen       total 144896K, used 72678K [0x0000000740000000, 0x0000000748d80000, 0x0000000795580000)
  object space 144896K, 50% used [0x0000000740000000,0x00000007446f99a8,0x0000000748d80000)
 Metaspace       used 7761K, capacity 7891K, committed 8064K, reserved 1056768K
  class space    used 745K, capacity 790K, committed 896K, reserved 1048576K
}
Event: 103.688 GC heap before
{Heap before GC invocations=7 (full 1):
 PSYoungGen      total 68096K, used 68096K [0x0000000795580000, 0x000000079e600000, 0x00000007c0000000)
  eden space 62976K, 100% used [0x0000000795580000,0x0000000799300000,0x0000000799300000)
  from space 5120K, 100% used [0x0000000799680000,0x0000000799b80000,0x0000000799b80000)
  to   space 42496K, 0% used [0x000000079bc80000,0x000000079bc80000,0x000000079e600000)
 ParOldGen       total 144896K, used 72678K [0x0000000740000000, 0x0000000748d80000, 0x0000000795580000)
  object space 144896K, 50% used [0x0000000740000000,0x00000007446f99a8,0x0000000748d80000)
 Metaspace       used 7761K, capacity 7891K, committed 8064K, reserved 1056768K
  class space    used 745K, capacity 790K, committed 896K, reserved 1048576K
Event: 103.703 GC heap after
Heap after GC invocations=7 (full 1):
 PSYoungGen      total 105984K, used 5312K [0x0000000795580000, 0x000000079f600000, 0x00000007c0000000)
  eden space 63488K, 0% used [0x0000000795580000,0x0000000795580000,0x0000000799380000)
  from space 42496K, 12% used [0x000000079bc80000,0x000000079c1b0000,0x000000079e600000)
  to   space 41984K, 0% used [0x0000000799380000,0x0000000799380000,0x000000079bc80000)
 ParOldGen       total 144896K, used 72678K [0x0000000740000000, 0x0000000748d80000, 0x0000000795580000)
  object space 144896K, 50% used [0x0000000740000000,0x00000007446f99a8,0x0000000748d80000)
 Metaspace       used 7761K, capacity 7891K, committed 8064K, reserved 1056768K
  class space    used 745K, capacity 790K, committed 896K, reserved 1048576K
}

