# JRE version: Java(TM) SE Runtime Environment (8.0_45-b14) (build 1.8.0_45-b14)
# Java VM: Java HotSpot(TM) 64-Bit Server VM (25.45-b02 mixed mode bsd-amd64 compressed oops)
Heap:
 PSYoungGen      total 25088K, used 19989K [0x0000000795580000, 0x0000000797100000, 0x00000007c0000000)
  eden space 24064K, 82% used [0x0000000795580000,0x00000007968e9510,0x0000000796d00000)
  from space 1024K, 10% used [0x0000000797000000,0x000000079701c058,0x0000000797100000)
  to   space 2048K, 0% used [0x0000000796d00000,0x0000000796d00000,0x0000000796f00000)
 ParOldGen       total 87552K, used 2404K [0x0000000740000000, 0x0000000745580000, 0x0000000795580000)
  object space 87552K, 2% used [0x0000000740000000,0x0000000740259218,0x0000000745580000)
 Metaspace       used 7952K, capacity 8087K, committed 8320K, reserved 1056768K
  class space    used 773K, capacity 856K, committed 896K, reserved 1048576K
GC Heap History (10 events):
Event: 19.279 GC heap before
{Heap before GC invocations=18 (full 0):
 PSYoungGen      total 27136K, used 26832K [0x0000000795580000, 0x0000000797480000, 0x00000007c0000000)
  eden space 26624K, 100% used [0x0000000795580000,0x0000000796f80000,0x0000000796f80000)
  from space 512K, 40% used [0x0000000797000000,0x00000007970342a8,0x0000000797080000)
  to   space 2560K, 0% used [0x0000000797200000,0x0000000797200000,0x0000000797480000)
 ParOldGen       total 87552K, used 2188K [0x0000000740000000, 0x0000000745580000, 0x0000000795580000)
  object space 87552K, 2% used [0x0000000740000000,0x0000000740223218,0x0000000745580000)
 Metaspace       used 7940K, capacity 8087K, committed 8320K, reserved 1056768K
  class space    used 773K, capacity 856K, committed 896K, reserved 1048576K
Event: 19.279 GC heap after
Heap after GC invocations=18 (full 0):
 PSYoungGen      total 28160K, used 176K [0x0000000795580000, 0x0000000797400000, 0x00000007c0000000)
  eden space 26112K, 0% used [0x0000000795580000,0x0000000795580000,0x0000000796f00000)
  from space 2048K, 8% used [0x0000000797200000,0x000000079722c0b0,0x0000000797400000)
  to   space 2560K, 0% used [0x0000000796f00000,0x0000000796f00000,0x0000000797180000)
 ParOldGen       total 87552K, used 2236K [0x0000000740000000, 0x0000000745580000, 0x0000000795580000)
  object space 87552K, 2% used [0x0000000740000000,0x000000074022f218,0x0000000745580000)
 Metaspace       used 7940K, capacity 8087K, committed 8320K, reserved 1056768K
  class space    used 773K, capacity 856K, committed 896K, reserved 1048576K
}
Event: 20.112 GC heap before
{Heap before GC invocations=19 (full 0):
 PSYoungGen      total 28160K, used 26288K [0x0000000795580000, 0x0000000797400000, 0x00000007c0000000)
  eden space 26112K, 100% used [0x0000000795580000,0x0000000796f00000,0x0000000796f00000)
  from space 2048K, 8% used [0x0000000797200000,0x000000079722c0b0,0x0000000797400000)
  to   space 2560K, 0% used [0x0000000796f00000,0x0000000796f00000,0x0000000797180000)
 ParOldGen       total 87552K, used 2236K [0x0000000740000000, 0x0000000745580000, 0x0000000795580000)
  object space 87552K, 2% used [0x0000000740000000,0x000000074022f218,0x0000000745580000)
 Metaspace       used 7942K, capacity 8087K, committed 8320K, reserved 1056768K
  class space    used 773K, capacity 856K, committed 896K, reserved 1048576K
Event: 20.112 GC heap after
Heap after GC invocations=19 (full 0):
 PSYoungGen      total 26112K, used 160K [0x0000000795580000, 0x0000000797380000, 0x00000007c0000000)
  eden space 25600K, 0% used [0x0000000795580000,0x0000000795580000,0x0000000796e80000)
  from space 512K, 31% used [0x0000000796f00000,0x0000000796f28000,0x0000000796f80000)
  to   space 2560K, 0% used [0x0000000797100000,0x0000000797100000,0x0000000797380000)
 ParOldGen       total 87552K, used 2292K [0x0000000740000000, 0x0000000745580000, 0x0000000795580000)
  object space 87552K, 2% used [0x0000000740000000,0x000000074023d218,0x0000000745580000)
 Metaspace       used 7942K, capacity 8087K, committed 8320K, reserved 1056768K
  class space    used 773K, capacity 856K, committed 896K, reserved 1048576K
}
Event: 20.912 GC heap before
{Heap before GC invocations=20 (full 0):
 PSYoungGen      total 26112K, used 25760K [0x0000000795580000, 0x0000000797380000, 0x00000007c0000000)
  eden space 25600K, 100% used [0x0000000795580000,0x0000000796e80000,0x0000000796e80000)
  from space 512K, 31% used [0x0000000796f00000,0x0000000796f28000,0x0000000796f80000)
  to   space 2560K, 0% used [0x0000000797100000,0x0000000797100000,0x0000000797380000)
 ParOldGen       total 87552K, used 2292K [0x0000000740000000, 0x0000000745580000, 0x0000000795580000)
  object space 87552K, 2% used [0x0000000740000000,0x000000074023d218,0x0000000745580000)
 Metaspace       used 7942K, capacity 8087K, committed 8320K, reserved 1056768K
  class space    used 773K, capacity 856K, committed 896K, reserved 1048576K
Event: 20.913 GC heap after
Heap after GC invocations=20 (full 0):
 PSYoungGen      total 27136K, used 96K [0x0000000795580000, 0x0000000797300000, 0x00000007c0000000)
  eden space 25088K, 0% used [0x0000000795580000,0x0000000795580000,0x0000000796e00000)
  from space 2048K, 4% used [0x0000000797100000,0x0000000797118000,0x0000000797300000)
  to   space 2560K, 0% used [0x0000000796e00000,0x0000000796e00000,0x0000000797080000)
 ParOldGen       total 87552K, used 2332K [0x0000000740000000, 0x0000000745580000, 0x0000000795580000)
  object space 87552K, 2% used [0x0000000740000000,0x0000000740247218,0x0000000745580000)
 Metaspace       used 7942K, capacity 8087K, committed 8320K, reserved 1056768K
  class space    used 773K, capacity 856K, committed 896K, reserved 1048576K
}
Event: 21.712 GC heap before
{Heap before GC invocations=21 (full 0):
 PSYoungGen      total 27136K, used 25184K [0x0000000795580000, 0x0000000797300000, 0x00000007c0000000)
  eden space 25088K, 100% used [0x0000000795580000,0x0000000796e00000,0x0000000796e00000)
  from space 2048K, 4% used [0x0000000797100000,0x0000000797118000,0x0000000797300000)
  to   space 2560K, 0% used [0x0000000796e00000,0x0000000796e00000,0x0000000797080000)
 ParOldGen       total 87552K, used 2332K [0x0000000740000000, 0x0000000745580000, 0x0000000795580000)
  object space 87552K, 2% used [0x0000000740000000,0x0000000740247218,0x0000000745580000)
 Metaspace       used 7942K, capacity 8087K, committed 8320K, reserved 1056768K
  class space    used 773K, capacity 856K, committed 896K, reserved 1048576K
Event: 21.712 GC heap after
Heap after GC invocations=21 (full 0):
 PSYoungGen      total 25088K, used 96K [0x0000000795580000, 0x0000000797280000, 0x00000007c0000000)
  eden space 24576K, 0% used [0x0000000795580000,0x0000000795580000,0x0000000796d80000)
  from space 512K, 18% used [0x0000000796e00000,0x0000000796e18000,0x0000000796e80000)
  to   space 2560K, 0% used [0x0000000797000000,0x0000000797000000,0x0000000797280000)
 ParOldGen       total 87552K, used 2372K [0x0000000740000000, 0x0000000745580000, 0x0000000795580000)
  object space 87552K, 2% used [0x0000000740000000,0x0000000740251218,0x0000000745580000)
 Metaspace       used 7942K, capacity 8087K, committed 8320K, reserved 1056768K
  class space    used 773K, capacity 856K, committed 896K, reserved 1048576K
}
Event: 22.488 GC heap before
{Heap before GC invocations=22 (full 0):
 PSYoungGen      total 25088K, used 24672K [0x0000000795580000, 0x0000000797280000, 0x00000007c0000000)
  eden space 24576K, 100% used [0x0000000795580000,0x0000000796d80000,0x0000000796d80000)
  from space 512K, 18% used [0x0000000796e00000,0x0000000796e18000,0x0000000796e80000)
  to   space 2560K, 0% used [0x0000000797000000,0x0000000797000000,0x0000000797280000)
 ParOldGen       total 87552K, used 2372K [0x0000000740000000, 0x0000000745580000, 0x0000000795580000)
  object space 87552K, 2% used [0x0000000740000000,0x0000000740251218,0x0000000745580000)
 Metaspace       used 7942K, capacity 8087K, committed 8320K, reserved 1056768K
  class space    used 773K, capacity 856K, committed 896K, reserved 1048576K
Event: 22.489 GC heap after
Heap after GC invocations=22 (full 0):
 PSYoungGen      total 25088K, used 112K [0x0000000795580000, 0x0000000797100000, 0x00000007c0000000)
  eden space 24064K, 0% used [0x0000000795580000,0x0000000795580000,0x0000000796d00000)
  from space 1024K, 10% used [0x0000000797000000,0x000000079701c058,0x0000000797100000)
  to   space 2048K, 0% used [0x0000000796d00000,0x0000000796d00000,0x0000000796f00000)
 ParOldGen       total 87552K, used 2404K [0x0000000740000000, 0x0000000745580000, 0x0000000795580000)
  object space 87552K, 2% used [0x0000000740000000,0x0000000740259218,0x0000000745580000)
 Metaspace       used 7942K, capacity 8087K, committed 8320K, reserved 1056768K
  class space    used 773K, capacity 856K, committed 896K, reserved 1048576K
}

