# JRE version: Java(TM) SE Runtime Environment (8.0_45-b14) (build 1.8.0_45-b14)
# Java VM: Java HotSpot(TM) 64-Bit Server VM (25.45-b02 mixed mode bsd-amd64 compressed oops)
Heap:
 PSYoungGen      total 122880K, used 18571K [0x0000000795580000, 0x00000007a1780000, 0x00000007c0000000)
  eden space 76800K, 12% used [0x0000000795580000,0x0000000795f2c018,0x000000079a080000)
  from space 46080K, 18% used [0x000000079a080000,0x000000079a8f6e78,0x000000079cd80000)
  to   space 44032K, 0% used [0x000000079ec80000,0x000000079ec80000,0x00000007a1780000)
 ParOldGen       total 145920K, used 80937K [0x0000000740000000, 0x0000000748e80000, 0x0000000795580000)
  object space 145920K, 55% used [0x0000000740000000,0x0000000744f0a640,0x0000000748e80000)
 Metaspace       used 7905K, capacity 8051K, committed 8320K, reserved 1056768K
  class space    used 752K, capacity 822K, committed 896K, reserved 1048576K
GC Heap History (10 events):
Event: 3.890 GC heap before
{Heap before GC invocations=4 (full 1):
 PSYoungGen      total 38400K, used 5120K [0x0000000795580000, 0x000000079a080000, 0x00000007c0000000)
  eden space 33280K, 0% used [0x0000000795580000,0x0000000795580000,0x0000000797600000)
  from space 5120K, 100% used [0x0000000797600000,0x0000000797b00000,0x0000000797b00000)
  to   space 5120K, 0% used [0x0000000799b80000,0x0000000799b80000,0x000000079a080000)
 ParOldGen       total 87552K, used 51821K [0x0000000740000000, 0x0000000745580000, 0x0000000795580000)
  object space 87552K, 59% used [0x0000000740000000,0x000000074329b4c0,0x0000000745580000)
 Metaspace       used 7024K, capacity 7155K, committed 7168K, reserved 1056768K
  class space    used 700K, capacity 758K, committed 768K, reserved 1048576K
Event: 4.269 GC heap after
Heap after GC invocations=4 (full 1):
 PSYoungGen      total 38400K, used 0K [0x0000000795580000, 0x000000079a080000, 0x00000007c0000000)
  eden space 33280K, 0% used [0x0000000795580000,0x0000000795580000,0x0000000797600000)
  from space 5120K, 0% used [0x0000000797600000,0x0000000797600000,0x0000000797b00000)
  to   space 5120K, 0% used [0x0000000799b80000,0x0000000799b80000,0x000000079a080000)
 ParOldGen       total 145920K, used 55576K [0x0000000740000000, 0x0000000748e80000, 0x0000000795580000)
  object space 145920K, 38% used [0x0000000740000000,0x0000000743646280,0x0000000748e80000)
 Metaspace       used 7024K, capacity 7155K, committed 7168K, reserved 1056768K
  class space    used 700K, capacity 758K, committed 768K, reserved 1048576K
}
Event: 4.445 GC heap before
{Heap before GC invocations=5 (full 1):
 PSYoungGen      total 38400K, used 33280K [0x0000000795580000, 0x000000079a080000, 0x00000007c0000000)
  eden space 33280K, 100% used [0x0000000795580000,0x0000000797600000,0x0000000797600000)
  from space 5120K, 0% used [0x0000000797600000,0x0000000797600000,0x0000000797b00000)
  to   space 5120K, 0% used [0x0000000799b80000,0x0000000799b80000,0x000000079a080000)
 ParOldGen       total 145920K, used 55576K [0x0000000740000000, 0x0000000748e80000, 0x0000000795580000)
  object space 145920K, 38% used [0x0000000740000000,0x0000000743646280,0x0000000748e80000)
 Metaspace       used 7059K, capacity 7219K, committed 7424K, reserved 1056768K
  class space    used 705K, capacity 758K, committed 768K, reserved 1048576K
Event: 4.484 GC heap after
Heap after GC invocations=5 (full 1):
 PSYoungGen      total 55808K, used 5120K [0x0000000795580000, 0x000000079a080000, 0x00000007c0000000)
  eden space 50688K, 0% used [0x0000000795580000,0x0000000795580000,0x0000000798700000)
  from space 5120K, 100% used [0x0000000799b80000,0x000000079a080000,0x000000079a080000)
  to   space 5120K, 0% used [0x0000000799680000,0x0000000799680000,0x0000000799b80000)
 ParOldGen       total 145920K, used 78905K [0x0000000740000000, 0x0000000748e80000, 0x0000000795580000)
  object space 145920K, 54% used [0x0000000740000000,0x0000000744d0e530,0x0000000748e80000)
 Metaspace       used 7059K, capacity 7219K, committed 7424K, reserved 1056768K
  class space    used 705K, capacity 758K, committed 768K, reserved 1048576K
}
Event: 4.653 GC heap before
{Heap before GC invocations=6 (full 1):
 PSYoungGen      total 55808K, used 55808K [0x0000000795580000, 0x000000079a080000, 0x00000007c0000000)
  eden space 50688K, 100% used [0x0000000795580000,0x0000000798700000,0x0000000798700000)
  from space 5120K, 100% used [0x0000000799b80000,0x000000079a080000,0x000000079a080000)
  to   space 5120K, 0% used [0x0000000799680000,0x0000000799680000,0x0000000799b80000)
 ParOldGen       total 145920K, used 78905K [0x0000000740000000, 0x0000000748e80000, 0x0000000795580000)
  object space 145920K, 54% used [0x0000000740000000,0x0000000744d0e530,0x0000000748e80000)
 Metaspace       used 7089K, capacity 7219K, committed 7424K, reserved 1056768K
  class space    used 707K, capacity 758K, committed 768K, reserved 1048576K
Event: 4.668 GC heap after
Heap after GC invocations=6 (full 1):
 PSYoungGen      total 71680K, used 5120K [0x0000000795580000, 0x000000079fb00000, 0x00000007c0000000)
  eden space 66560K, 0% used [0x0000000795580000,0x0000000795580000,0x0000000799680000)
  from space 5120K, 100% used [0x0000000799680000,0x0000000799b80000,0x0000000799b80000)
  to   space 46592K, 0% used [0x000000079cd80000,0x000000079cd80000,0x000000079fb00000)
 ParOldGen       total 145920K, used 80937K [0x0000000740000000, 0x0000000748e80000, 0x0000000795580000)
  object space 145920K, 55% used [0x0000000740000000,0x0000000744f0a640,0x0000000748e80000)
 Metaspace       used 7089K, capacity 7219K, committed 7424K, reserved 1056768K
  class space    used 707K, capacity 758K, committed 768K, reserved 1048576K
}
Event: 4.797 GC heap before
{Heap before GC invocations=7 (full 1):
 PSYoungGen      total 71680K, used 71680K [0x0000000795580000, 0x000000079fb00000, 0x00000007c0000000)
  eden space 66560K, 100% used [0x0000000795580000,0x0000000799680000,0x0000000799680000)
  from space 5120K, 100% used [0x0000000799680000,0x0000000799b80000,0x0000000799b80000)
  to   space 46592K, 0% used [0x000000079cd80000,0x000000079cd80000,0x000000079fb00000)
 ParOldGen       total 145920K, used 80937K [0x0000000740000000, 0x0000000748e80000, 0x0000000795580000)
  object space 145920K, 55% used [0x0000000740000000,0x0000000744f0a640,0x0000000748e80000)
 Metaspace       used 7094K, capacity 7219K, committed 7424K, reserved 1056768K
  class space    used 707K, capacity 758K, committed 768K, reserved 1048576K
Event: 4.812 GC heap after
Heap after GC invocations=7 (full 1):
 PSYoungGen      total 123392K, used 5819K [0x0000000795580000, 0x00000007a1200000, 0x00000007c0000000)
  eden space 76800K, 0% used [0x0000000795580000,0x0000000795580000,0x000000079a080000)
  from space 46592K, 12% used [0x000000079cd80000,0x000000079d32ee18,0x000000079fb00000)
  to   space 46080K, 0% used [0x000000079a080000,0x000000079a080000,0x000000079cd80000)
 ParOldGen       total 145920K, used 80937K [0x0000000740000000, 0x0000000748e80000, 0x0000000795580000)
  object space 145920K, 55% used [0x0000000740000000,0x0000000744f0a640,0x0000000748e80000)
 Metaspace       used 7094K, capacity 7219K, committed 7424K, reserved 1056768K
  class space    used 707K, capacity 758K, committed 768K, reserved 1048576K
}
Event: 36.208 GC heap before
{Heap before GC invocations=8 (full 1):
 PSYoungGen      total 123392K, used 82619K [0x0000000795580000, 0x00000007a1200000, 0x00000007c0000000)
  eden space 76800K, 100% used [0x0000000795580000,0x000000079a080000,0x000000079a080000)
  from space 46592K, 12% used [0x000000079cd80000,0x000000079d32ee18,0x000000079fb00000)
  to   space 46080K, 0% used [0x000000079a080000,0x000000079a080000,0x000000079cd80000)
 ParOldGen       total 145920K, used 80937K [0x0000000740000000, 0x0000000748e80000, 0x0000000795580000)
  object space 145920K, 55% used [0x0000000740000000,0x0000000744f0a640,0x0000000748e80000)
 Metaspace       used 7894K, capacity 8051K, committed 8320K, reserved 1056768K
  class space    used 752K, capacity 822K, committed 896K, reserved 1048576K
Event: 36.218 GC heap after
Heap after GC invocations=8 (full 1):
 PSYoungGen      total 122880K, used 8667K [0x0000000795580000, 0x00000007a1780000, 0x00000007c0000000)
  eden space 76800K, 0% used [0x0000000795580000,0x0000000795580000,0x000000079a080000)
  from space 46080K, 18% used [0x000000079a080000,0x000000079a8f6e78,0x000000079cd80000)
  to   space 44032K, 0% used [0x000000079ec80000,0x000000079ec80000,0x00000007a1780000)
 ParOldGen       total 145920K, used 80937K [0x0000000740000000, 0x0000000748e80000, 0x0000000795580000)
  object space 145920K, 55% used [0x0000000740000000,0x0000000744f0a640,0x0000000748e80000)
 Metaspace       used 7894K, capacity 8051K, committed 8320K, reserved 1056768K
  class space    used 752K, capacity 822K, committed 896K, reserved 1048576K
}

