# JRE version: Java(TM) SE Runtime Environment (8.0_45-b14) (build 1.8.0_45-b14)
# Java VM: Java HotSpot(TM) 64-Bit Server VM (25.45-b02 mixed mode bsd-amd64 compressed oops)
Heap:
 PSYoungGen      total 71680K, used 17222K [0x0000000795580000, 0x000000079fa00000, 0x00000007c0000000)
  eden space 66560K, 18% used [0x0000000795580000,0x0000000796151800,0x0000000799680000)
  from space 5120K, 100% used [0x0000000799680000,0x0000000799b80000,0x0000000799b80000)
  to   space 45056K, 0% used [0x000000079ce00000,0x000000079ce00000,0x000000079fa00000)
 ParOldGen       total 143360K, used 82476K [0x0000000740000000, 0x0000000748c00000, 0x0000000795580000)
  object space 143360K, 57% used [0x0000000740000000,0x000000074508b110,0x0000000748c00000)
 Metaspace       used 7796K, capacity 7987K, committed 8064K, reserved 1056768K
  class space    used 752K, capacity 822K, committed 896K, reserved 1048576K
GC Heap History (10 events):
Event: 3.660 GC heap before
{Heap before GC invocations=2 (full 0):
 PSYoungGen      total 38400K, used 35619K [0x0000000795580000, 0x0000000798000000, 0x00000007c0000000)
  eden space 33280K, 100% used [0x0000000795580000,0x0000000797600000,0x0000000797600000)
  from space 5120K, 45% used [0x0000000797600000,0x0000000797848e30,0x0000000797b00000)
  to   space 5120K, 0% used [0x0000000797b00000,0x0000000797b00000,0x0000000798000000)
 ParOldGen       total 87552K, used 16K [0x0000000740000000, 0x0000000745580000, 0x0000000795580000)
  object space 87552K, 0% used [0x0000000740000000,0x0000000740004000,0x0000000745580000)
 Metaspace       used 7023K, capacity 7155K, committed 7168K, reserved 1056768K
  class space    used 699K, capacity 758K, committed 768K, reserved 1048576K
Event: 3.680 GC heap after
Heap after GC invocations=2 (full 0):
 PSYoungGen      total 38400K, used 5090K [0x0000000795580000, 0x0000000798000000, 0x00000007c0000000)
  eden space 33280K, 0% used [0x0000000795580000,0x0000000795580000,0x0000000797600000)
  from space 5120K, 99% used [0x0000000797b00000,0x0000000797ff8a48,0x0000000798000000)
  to   space 5120K, 0% used [0x0000000797600000,0x0000000797600000,0x0000000797b00000)
 ParOldGen       total 87552K, used 22134K [0x0000000740000000, 0x0000000745580000, 0x0000000795580000)
  object space 87552K, 25% used [0x0000000740000000,0x000000074159dbe8,0x0000000745580000)
 Metaspace       used 7023K, capacity 7155K, committed 7168K, reserved 1056768K
  class space    used 699K, capacity 758K, committed 768K, reserved 1048576K
}
Event: 3.748 GC heap before
{Heap before GC invocations=3 (full 0):
 PSYoungGen      total 38400K, used 38370K [0x0000000795580000, 0x0000000798000000, 0x00000007c0000000)
  eden space 33280K, 100% used [0x0000000795580000,0x0000000797600000,0x0000000797600000)
  from space 5120K, 99% used [0x0000000797b00000,0x0000000797ff8a48,0x0000000798000000)
  to   space 5120K, 0% used [0x0000000797600000,0x0000000797600000,0x0000000797b00000)
 ParOldGen       total 87552K, used 22134K [0x0000000740000000, 0x0000000745580000, 0x0000000795580000)
  object space 87552K, 25% used [0x0000000740000000,0x000000074159dbe8,0x0000000745580000)
 Metaspace       used 7023K, capacity 7155K, committed 7168K, reserved 1056768K
  class space    used 699K, capacity 758K, committed 768K, reserved 1048576K
Event: 3.776 GC heap after
Heap after GC invocations=3 (full 0):
 PSYoungGen      total 38400K, used 5120K [0x0000000795580000, 0x000000079a080000, 0x00000007c0000000)
  eden space 33280K, 0% used [0x0000000795580000,0x0000000795580000,0x0000000797600000)
  from space 5120K, 100% used [0x0000000797600000,0x0000000797b00000,0x0000000797b00000)
  to   space 5120K, 0% used [0x0000000799b80000,0x0000000799b80000,0x000000079a080000)
 ParOldGen       total 87552K, used 51457K [0x0000000740000000, 0x0000000745580000, 0x0000000795580000)
  object space 87552K, 58% used [0x0000000740000000,0x0000000743240540,0x0000000745580000)
 Metaspace       used 7023K, capacity 7155K, committed 7168K, reserved 1056768K
  class space    used 699K, capacity 758K, committed 768K, reserved 1048576K
}
Event: 3.776 GC heap before
{Heap before GC invocations=4 (full 1):
 PSYoungGen      total 38400K, used 5120K [0x0000000795580000, 0x000000079a080000, 0x00000007c0000000)
  eden space 33280K, 0% used [0x0000000795580000,0x0000000795580000,0x0000000797600000)
  from space 5120K, 100% used [0x0000000797600000,0x0000000797b00000,0x0000000797b00000)
  to   space 5120K, 0% used [0x0000000799b80000,0x0000000799b80000,0x000000079a080000)
 ParOldGen       total 87552K, used 51457K [0x0000000740000000, 0x0000000745580000, 0x0000000795580000)
  object space 87552K, 58% used [0x0000000740000000,0x0000000743240540,0x0000000745580000)
 Metaspace       used 7023K, capacity 7155K, committed 7168K, reserved 1056768K
  class space    used 699K, capacity 758K, committed 768K, reserved 1048576K
Event: 4.065 GC heap after
Heap after GC invocations=4 (full 1):
 PSYoungGen      total 38400K, used 0K [0x0000000795580000, 0x000000079a080000, 0x00000007c0000000)
  eden space 33280K, 0% used [0x0000000795580000,0x0000000795580000,0x0000000797600000)
  from space 5120K, 0% used [0x0000000797600000,0x0000000797600000,0x0000000797b00000)
  to   space 5120K, 0% used [0x0000000799b80000,0x0000000799b80000,0x000000079a080000)
 ParOldGen       total 143360K, used 55428K [0x0000000740000000, 0x0000000748c00000, 0x0000000795580000)
  object space 143360K, 38% used [0x0000000740000000,0x00000007436213d8,0x0000000748c00000)
 Metaspace       used 7023K, capacity 7155K, committed 7168K, reserved 1056768K
  class space    used 699K, capacity 758K, committed 768K, reserved 1048576K
}
Event: 4.228 GC heap before
{Heap before GC invocations=5 (full 1):
 PSYoungGen      total 38400K, used 33280K [0x0000000795580000, 0x000000079a080000, 0x00000007c0000000)
  eden space 33280K, 100% used [0x0000000795580000,0x0000000797600000,0x0000000797600000)
  from space 5120K, 0% used [0x0000000797600000,0x0000000797600000,0x0000000797b00000)
  to   space 5120K, 0% used [0x0000000799b80000,0x0000000799b80000,0x000000079a080000)
 ParOldGen       total 143360K, used 55428K [0x0000000740000000, 0x0000000748c00000, 0x0000000795580000)
  object space 143360K, 38% used [0x0000000740000000,0x00000007436213d8,0x0000000748c00000)
 Metaspace       used 7059K, capacity 7219K, committed 7424K, reserved 1056768K
  class space    used 705K, capacity 758K, committed 768K, reserved 1048576K
Event: 4.259 GC heap after
Heap after GC invocations=5 (full 1):
 PSYoungGen      total 57344K, used 5120K [0x0000000795580000, 0x000000079a080000, 0x00000007c0000000)
  eden space 52224K, 0% used [0x0000000795580000,0x0000000795580000,0x0000000798880000)
  from space 5120K, 100% used [0x0000000799b80000,0x000000079a080000,0x000000079a080000)
  to   space 5120K, 0% used [0x0000000799680000,0x0000000799680000,0x0000000799b80000)
 ParOldGen       total 143360K, used 78165K [0x0000000740000000, 0x0000000748c00000, 0x0000000795580000)
  object space 143360K, 54% used [0x0000000740000000,0x0000000744c55688,0x0000000748c00000)
 Metaspace       used 7059K, capacity 7219K, committed 7424K, reserved 1056768K
  class space    used 705K, capacity 758K, committed 768K, reserved 1048576K
}
Event: 5.752 GC heap before
{Heap before GC invocations=6 (full 1):
 PSYoungGen      total 57344K, used 57344K [0x0000000795580000, 0x000000079a080000, 0x00000007c0000000)
  eden space 52224K, 100% used [0x0000000795580000,0x0000000798880000,0x0000000798880000)
  from space 5120K, 100% used [0x0000000799b80000,0x000000079a080000,0x000000079a080000)
  to   space 5120K, 0% used [0x0000000799680000,0x0000000799680000,0x0000000799b80000)
 ParOldGen       total 143360K, used 78165K [0x0000000740000000, 0x0000000748c00000, 0x0000000795580000)
  object space 143360K, 54% used [0x0000000740000000,0x0000000744c55688,0x0000000748c00000)
 Metaspace       used 7631K, capacity 7763K, committed 8064K, reserved 1056768K
  class space    used 745K, capacity 790K, committed 896K, reserved 1048576K
Event: 5.763 GC heap after
Heap after GC invocations=6 (full 1):
 PSYoungGen      total 71680K, used 5120K [0x0000000795580000, 0x000000079fa00000, 0x00000007c0000000)
  eden space 66560K, 0% used [0x0000000795580000,0x0000000795580000,0x0000000799680000)
  from space 5120K, 100% used [0x0000000799680000,0x0000000799b80000,0x0000000799b80000)
  to   space 45056K, 0% used [0x000000079ce00000,0x000000079ce00000,0x000000079fa00000)
 ParOldGen       total 143360K, used 82476K [0x0000000740000000, 0x0000000748c00000, 0x0000000795580000)
  object space 143360K, 57% used [0x0000000740000000,0x000000074508b110,0x0000000748c00000)
 Metaspace       used 7631K, capacity 7763K, committed 8064K, reserved 1056768K
  class space    used 745K, capacity 790K, committed 896K, reserved 1048576K
}

